mode: set
github.com/combatgent/moria/configure.go:9.36,18.12 7 0
github.com/combatgent/moria/configure.go:22.2,22.17 1 0
github.com/combatgent/moria/configure.go:18.12,21.3 2 0
github.com/combatgent/moria/configure.go:27.25,29.14 2 1
github.com/combatgent/moria/configure.go:32.2,32.19 1 1
github.com/combatgent/moria/configure.go:29.14,31.3 1 1
github.com/combatgent/moria/environment.go:39.27,44.23 5 0
github.com/combatgent/moria/environment.go:48.2,48.20 1 0
github.com/combatgent/moria/environment.go:44.23,46.3 1 0
github.com/combatgent/moria/environment.go:52.24,54.19 2 0
github.com/combatgent/moria/environment.go:57.2,58.39 2 0
github.com/combatgent/moria/environment.go:54.19,56.3 1 0
github.com/combatgent/moria/environment.go:58.39,60.3 1 0
github.com/combatgent/moria/environment.go:64.44,66.16 2 0
github.com/combatgent/moria/environment.go:69.2,69.39 1 0
github.com/combatgent/moria/environment.go:66.16,68.3 1 0
github.com/combatgent/moria/environment.go:72.34,74.16 2 0
github.com/combatgent/moria/environment.go:77.2,77.12 1 0
github.com/combatgent/moria/environment.go:74.16,76.3 1 0
github.com/combatgent/moria/environment.go:89.22,90.31 1 0
github.com/combatgent/moria/environment.go:90.31,91.27 1 0
github.com/combatgent/moria/environment.go:91.27,93.4 1 0
github.com/combatgent/moria/environment.go:102.22,103.31 1 0
github.com/combatgent/moria/environment.go:103.31,104.27 1 0
github.com/combatgent/moria/environment.go:104.27,106.4 1 0
github.com/combatgent/moria/environment.go:111.37,116.2 1 0
github.com/combatgent/moria/environment.go:120.37,126.2 2 0
github.com/combatgent/moria/environment.go:128.29,133.2 2 0
github.com/combatgent/moria/environment.go:135.26,140.2 2 0
github.com/combatgent/moria/environment.go:143.27,148.2 2 0
github.com/combatgent/moria/etcd.go:20.31,24.16 4 0
github.com/combatgent/moria/etcd.go:27.2,27.29 1 0
github.com/combatgent/moria/etcd.go:24.16,26.3 1 0
github.com/combatgent/moria/etcd.go:31.25,34.2 2 0
github.com/combatgent/moria/etcd.go:37.46,47.2 5 0
github.com/combatgent/moria/etcd.go:49.53,54.2 4 0
github.com/combatgent/moria/etcd.go:56.59,58.41 2 0
github.com/combatgent/moria/etcd.go:63.2,63.46 1 0
github.com/combatgent/moria/etcd.go:58.41,60.3 1 0
github.com/combatgent/moria/etcd.go:60.3,62.3 1 0
github.com/combatgent/moria/etcd.go:66.67,68.9 2 0
github.com/combatgent/moria/etcd.go:71.2,71.18 1 0
github.com/combatgent/moria/etcd.go:68.9,69.34 1 0
github.com/combatgent/moria/etcd.go:74.35,76.16 2 0
github.com/combatgent/moria/etcd.go:79.2,79.16 1 0
github.com/combatgent/moria/etcd.go:76.16,77.44 1 0
github.com/combatgent/moria/etcd.go:83.42,88.2 1 0
github.com/combatgent/moria/etcd.go:91.48,96.2 1 0
github.com/combatgent/moria/etcd.go:99.42,105.2 1 0
github.com/combatgent/moria/etcd.go:108.62,112.2 1 0
github.com/combatgent/moria/etcd.go:114.33,115.16 1 0
github.com/combatgent/moria/etcd.go:115.16,116.30 1 0
github.com/combatgent/moria/etcd.go:116.30,118.4 1 0
github.com/combatgent/moria/etcd.go:118.4,118.45 1 0
github.com/combatgent/moria/etcd.go:118.45,120.4 1 0
github.com/combatgent/moria/etcd.go:120.4,120.56 1 0
github.com/combatgent/moria/etcd.go:120.56,122.4 1 0
github.com/combatgent/moria/etcd.go:122.4,124.4 1 0
github.com/combatgent/moria/etcd.go:129.30,133.21 3 0
github.com/combatgent/moria/etcd.go:138.2,138.14 1 0
github.com/combatgent/moria/etcd.go:133.21,134.68 1 0
github.com/combatgent/moria/etcd.go:134.68,136.4 1 0
github.com/combatgent/moria/etcd.go:142.26,146.2 3 0
github.com/combatgent/moria/etcd.go:149.28,153.25 4 0
github.com/combatgent/moria/etcd.go:160.2,160.13 1 0
github.com/combatgent/moria/etcd.go:153.25,154.26 1 0
github.com/combatgent/moria/etcd.go:154.26,156.4 1 0
github.com/combatgent/moria/etcd.go:156.4,158.4 1 0
github.com/combatgent/moria/etcd.go:175.30,182.2 2 0
github.com/combatgent/moria/etcd.go:184.37,191.2 2 0
github.com/combatgent/moria/etcd.go:193.30,199.48 3 0
github.com/combatgent/moria/etcd.go:202.28,208.2 2 0
github.com/combatgent/moria/exchange.go:27.79,33.2 1 0
github.com/combatgent/moria/exchange.go:36.40,40.16 4 0
github.com/combatgent/moria/exchange.go:43.2,43.35 1 0
github.com/combatgent/moria/exchange.go:47.2,48.12 2 0
github.com/combatgent/moria/exchange.go:40.16,42.3 1 0
github.com/combatgent/moria/exchange.go:43.35,45.3 1 0
github.com/combatgent/moria/exchange.go:51.56,53.34 1 0
github.com/combatgent/moria/exchange.go:53.34,55.25 2 0
github.com/combatgent/moria/exchange.go:74.3,74.27 1 0
github.com/combatgent/moria/exchange.go:55.25,56.17 1 0
github.com/combatgent/moria/exchange.go:65.4,72.30 8 0
github.com/combatgent/moria/exchange.go:56.17,57.39 1 0
github.com/combatgent/moria/exchange.go:57.39,60.13 3 0
github.com/combatgent/moria/exchange.go:60.13,62.7 1 0
github.com/combatgent/moria/exchange.go:74.27,76.4 1 0
github.com/combatgent/moria/exchange.go:83.35,89.12 6 0
github.com/combatgent/moria/exchange.go:100.2,100.6 1 0
github.com/combatgent/moria/exchange.go:89.12,90.7 1 0
github.com/combatgent/moria/exchange.go:90.7,92.18 2 0
github.com/combatgent/moria/exchange.go:97.4,97.17 1 0
github.com/combatgent/moria/exchange.go:92.18,96.5 3 0
github.com/combatgent/moria/exchange.go:100.6,101.10 1 0
github.com/combatgent/moria/exchange.go:102.3,103.32 1 0
github.com/combatgent/moria/exchange.go:103.32,106.5 2 0
github.com/combatgent/moria/exchange.go:106.5,106.42 1 0
github.com/combatgent/moria/exchange.go:106.42,111.5 4 0
github.com/combatgent/moria/exchange.go:116.58,122.2 5 0
github.com/combatgent/moria/exchange.go:125.60,127.47 2 0
github.com/combatgent/moria/exchange.go:127.47,128.36 1 0
github.com/combatgent/moria/exchange.go:128.36,130.4 1 0
github.com/combatgent/moria/exchange.go:135.62,136.47 1 0
github.com/combatgent/moria/exchange.go:136.47,137.36 1 0
github.com/combatgent/moria/exchange.go:137.36,139.4 1 0
github.com/combatgent/moria/initializer.go:6.19,8.2 1 0
github.com/combatgent/moria/initializer.go:12.19,59.2 1 0
github.com/combatgent/moria/listener.go:10.26,16.16 4 0
github.com/combatgent/moria/listener.go:16.16,18.3 1 0
github.com/combatgent/moria/listener.go:22.45,23.69 1 0
github.com/combatgent/moria/listener.go:27.2,27.34 1 0
github.com/combatgent/moria/listener.go:23.69,26.3 2 0
github.com/combatgent/moria/mux.go:42.20,44.2 1 0
github.com/combatgent/moria/mux.go:48.102,53.14 4 0
github.com/combatgent/moria/mux.go:58.2,58.35 1 0
github.com/combatgent/moria/mux.go:63.2,63.12 1 0
github.com/combatgent/moria/mux.go:68.2,75.49 7 0
github.com/combatgent/moria/mux.go:53.14,55.3 1 0
github.com/combatgent/moria/mux.go:58.35,59.33 1 0
github.com/combatgent/moria/mux.go:59.33,61.4 1 0
github.com/combatgent/moria/mux.go:63.12,65.3 0 0
github.com/combatgent/moria/mux.go:80.57,85.14 4 0
github.com/combatgent/moria/mux.go:90.2,90.35 1 0
github.com/combatgent/moria/mux.go:85.14,87.3 1 0
github.com/combatgent/moria/mux.go:90.35,91.33 1 0
github.com/combatgent/moria/mux.go:91.33,94.70 1 0
github.com/combatgent/moria/mux.go:101.4,101.54 1 0
github.com/combatgent/moria/mux.go:94.70,97.5 2 0
github.com/combatgent/moria/mux.go:101.54,102.35 1 0
github.com/combatgent/moria/mux.go:102.35,106.6 2 0
github.com/combatgent/moria/mux.go:112.128,118.16 6 0
github.com/combatgent/moria/mux.go:122.2,125.52 4 0
github.com/combatgent/moria/mux.go:132.2,132.46 1 0
github.com/combatgent/moria/mux.go:137.2,137.8 1 0
github.com/combatgent/moria/mux.go:118.16,121.3 2 0
github.com/combatgent/moria/mux.go:125.52,126.33 1 0
github.com/combatgent/moria/mux.go:126.33,130.4 3 0
github.com/combatgent/moria/mux.go:132.46,134.3 1 0
github.com/combatgent/moria/mux.go:142.78,145.16 2 0
github.com/combatgent/moria/mux.go:151.2,154.34 4 0
github.com/combatgent/moria/mux.go:157.2,159.16 3 0
github.com/combatgent/moria/mux.go:163.2,163.45 1 0
github.com/combatgent/moria/mux.go:169.2,170.16 2 0
github.com/combatgent/moria/mux.go:176.2,176.46 1 0
github.com/combatgent/moria/mux.go:181.2,184.28 4 0
github.com/combatgent/moria/mux.go:145.16,148.3 2 0
github.com/combatgent/moria/mux.go:154.34,156.3 1 0
github.com/combatgent/moria/mux.go:159.16,162.3 2 0
github.com/combatgent/moria/mux.go:163.45,164.32 1 0
github.com/combatgent/moria/mux.go:164.32,167.4 2 0
github.com/combatgent/moria/mux.go:170.16,173.3 2 0
github.com/combatgent/moria/mux.go:176.46,177.32 1 0
github.com/combatgent/moria/mux.go:177.32,179.4 1 0
github.com/combatgent/moria/mux.go:190.66,195.13 4 0
github.com/combatgent/moria/mux.go:202.2,202.47 1 0
github.com/combatgent/moria/mux.go:195.13,196.36 1 0
github.com/combatgent/moria/mux.go:196.36,197.30 1 0
github.com/combatgent/moria/mux.go:197.30,199.5 1 0
github.com/combatgent/moria/mux.go:206.56,208.20 2 0
github.com/combatgent/moria/mux.go:224.2,224.31 1 0
github.com/combatgent/moria/mux.go:227.2,227.13 1 0
github.com/combatgent/moria/mux.go:208.20,209.10 1 0
github.com/combatgent/moria/mux.go:210.3,211.15 1 0
github.com/combatgent/moria/mux.go:212.3,213.16 1 0
github.com/combatgent/moria/mux.go:214.3,216.34 2 0
github.com/combatgent/moria/mux.go:217.3,219.7 2 0
github.com/combatgent/moria/mux.go:220.3,221.16 1 0
github.com/combatgent/moria/mux.go:224.31,226.3 1 0
github.com/combatgent/moria/mux.go:233.81,235.39 2 0
github.com/combatgent/moria/mux.go:238.2,238.10 1 0
github.com/combatgent/moria/mux.go:235.39,237.3 1 0
github.com/combatgent/moria/service.go:19.60,21.27 2 0
github.com/combatgent/moria/service.go:21.27,23.15 2 0
github.com/combatgent/moria/service.go:27.3,27.97 1 0
github.com/combatgent/moria/service.go:23.15,26.4 2 0
