mode: set
github.com/combatgent/moria/configure.go:11.36,16.16 5 0
github.com/combatgent/moria/configure.go:19.2,26.12 6 0
github.com/combatgent/moria/configure.go:30.2,30.17 1 0
github.com/combatgent/moria/configure.go:16.16,18.3 1 0
github.com/combatgent/moria/configure.go:26.12,29.3 2 0
github.com/combatgent/moria/configure.go:34.25,36.14 2 1
github.com/combatgent/moria/configure.go:39.2,39.19 1 1
github.com/combatgent/moria/configure.go:36.14,38.3 1 1
github.com/combatgent/moria/environment.go:37.27,43.2 5 1
github.com/combatgent/moria/environment.go:46.24,48.19 2 1
github.com/combatgent/moria/environment.go:51.2,52.39 2 1
github.com/combatgent/moria/environment.go:48.19,50.3 1 0
github.com/combatgent/moria/environment.go:52.39,54.3 1 0
github.com/combatgent/moria/environment.go:58.44,60.16 2 1
github.com/combatgent/moria/environment.go:63.2,63.39 1 1
github.com/combatgent/moria/environment.go:60.16,62.3 1 1
github.com/combatgent/moria/environment.go:66.34,68.16 2 1
github.com/combatgent/moria/environment.go:71.2,71.12 1 0
github.com/combatgent/moria/environment.go:68.16,70.3 1 1
github.com/combatgent/moria/environment.go:83.22,84.15 1 1
github.com/combatgent/moria/environment.go:93.2,93.31 1 1
github.com/combatgent/moria/environment.go:84.15,85.37 1 1
github.com/combatgent/moria/environment.go:85.37,88.11 3 0
github.com/combatgent/moria/environment.go:88.11,90.5 1 0
github.com/combatgent/moria/environment.go:93.31,94.27 1 1
github.com/combatgent/moria/environment.go:94.27,96.4 1 0
github.com/combatgent/moria/environment.go:105.22,106.15 1 1
github.com/combatgent/moria/environment.go:115.2,115.31 1 1
github.com/combatgent/moria/environment.go:106.15,107.37 1 1
github.com/combatgent/moria/environment.go:107.37,110.11 3 0
github.com/combatgent/moria/environment.go:110.11,112.5 1 0
github.com/combatgent/moria/environment.go:115.31,116.27 1 1
github.com/combatgent/moria/environment.go:116.27,118.4 1 0
github.com/combatgent/moria/environment.go:123.37,128.2 1 0
github.com/combatgent/moria/environment.go:132.37,138.2 2 0
github.com/combatgent/moria/environment.go:140.26,145.2 2 1
github.com/combatgent/moria/environment.go:148.27,153.2 2 0
github.com/combatgent/moria/etcd.go:18.52,20.2 1 1
github.com/combatgent/moria/etcd.go:23.25,26.2 2 1
github.com/combatgent/moria/etcd.go:29.46,39.2 5 1
github.com/combatgent/moria/etcd.go:43.53,48.2 4 1
github.com/combatgent/moria/etcd.go:50.59,53.2 2 1
github.com/combatgent/moria/etcd.go:55.67,57.9 2 1
github.com/combatgent/moria/etcd.go:60.2,60.18 1 1
github.com/combatgent/moria/etcd.go:57.9,58.34 1 1
github.com/combatgent/moria/etcd.go:72.42,77.2 1 1
github.com/combatgent/moria/etcd.go:80.48,85.2 1 1
github.com/combatgent/moria/etcd.go:88.42,94.2 1 1
github.com/combatgent/moria/etcd.go:97.62,101.2 1 1
github.com/combatgent/moria/etcd.go:103.33,104.16 1 1
github.com/combatgent/moria/etcd.go:104.16,105.30 1 1
github.com/combatgent/moria/etcd.go:105.30,107.4 1 1
github.com/combatgent/moria/etcd.go:107.4,107.45 1 1
github.com/combatgent/moria/etcd.go:107.45,109.4 1 1
github.com/combatgent/moria/etcd.go:109.4,109.56 1 1
github.com/combatgent/moria/etcd.go:109.56,111.4 1 1
github.com/combatgent/moria/etcd.go:111.4,113.4 1 1
github.com/combatgent/moria/etcd.go:118.30,122.21 3 1
github.com/combatgent/moria/etcd.go:127.2,127.14 1 1
github.com/combatgent/moria/etcd.go:122.21,123.68 1 1
github.com/combatgent/moria/etcd.go:123.68,125.4 1 1
github.com/combatgent/moria/etcd.go:131.26,134.17 3 1
github.com/combatgent/moria/etcd.go:137.2,137.11 1 1
github.com/combatgent/moria/etcd.go:134.17,136.3 1 1
github.com/combatgent/moria/etcd.go:141.28,145.25 4 1
github.com/combatgent/moria/etcd.go:152.2,152.13 1 1
github.com/combatgent/moria/etcd.go:145.25,146.26 1 1
github.com/combatgent/moria/etcd.go:146.26,148.4 1 1
github.com/combatgent/moria/etcd.go:148.4,150.4 1 1
github.com/combatgent/moria/etcd.go:182.30,188.46 3 1
github.com/combatgent/moria/etcd.go:192.37,198.53 3 1
github.com/combatgent/moria/etcd.go:201.30,207.48 3 1
github.com/combatgent/moria/etcd.go:210.28,215.59 3 1
github.com/combatgent/moria/exchange.go:26.79,32.2 1 0
github.com/combatgent/moria/exchange.go:35.40,36.15 1 0
github.com/combatgent/moria/exchange.go:45.2,48.16 4 0
github.com/combatgent/moria/exchange.go:51.2,51.35 1 0
github.com/combatgent/moria/exchange.go:55.2,56.12 2 0
github.com/combatgent/moria/exchange.go:36.15,37.37 1 0
github.com/combatgent/moria/exchange.go:37.37,40.11 3 0
github.com/combatgent/moria/exchange.go:40.11,42.5 1 0
github.com/combatgent/moria/exchange.go:48.16,50.3 1 0
github.com/combatgent/moria/exchange.go:51.35,53.3 1 0
github.com/combatgent/moria/exchange.go:59.56,61.34 1 0
github.com/combatgent/moria/exchange.go:61.34,63.25 2 0
github.com/combatgent/moria/exchange.go:84.3,84.27 1 0
github.com/combatgent/moria/exchange.go:63.25,64.17 1 0
github.com/combatgent/moria/exchange.go:73.4,79.41 7 0
github.com/combatgent/moria/exchange.go:64.17,65.39 1 0
github.com/combatgent/moria/exchange.go:65.39,68.13 3 0
github.com/combatgent/moria/exchange.go:68.13,70.7 1 0
github.com/combatgent/moria/exchange.go:79.41,82.5 2 0
github.com/combatgent/moria/exchange.go:84.27,86.4 1 0
github.com/combatgent/moria/exchange.go:93.35,99.12 6 0
github.com/combatgent/moria/exchange.go:110.2,110.6 1 0
github.com/combatgent/moria/exchange.go:99.12,100.7 1 0
github.com/combatgent/moria/exchange.go:100.7,102.18 2 0
github.com/combatgent/moria/exchange.go:107.4,107.17 1 0
github.com/combatgent/moria/exchange.go:102.18,106.5 3 0
github.com/combatgent/moria/exchange.go:110.6,111.10 1 0
github.com/combatgent/moria/exchange.go:112.3,113.32 1 0
github.com/combatgent/moria/exchange.go:113.32,115.5 1 0
github.com/combatgent/moria/exchange.go:115.5,115.42 1 0
github.com/combatgent/moria/exchange.go:115.42,118.36 3 0
github.com/combatgent/moria/exchange.go:118.36,119.19 1 0
github.com/combatgent/moria/exchange.go:128.6,129.34 2 0
github.com/combatgent/moria/exchange.go:119.19,120.41 1 0
github.com/combatgent/moria/exchange.go:120.41,123.15 3 0
github.com/combatgent/moria/exchange.go:123.15,125.9 1 0
github.com/combatgent/moria/exchange.go:136.58,142.2 5 0
github.com/combatgent/moria/exchange.go:145.60,147.47 2 0
github.com/combatgent/moria/exchange.go:147.47,148.36 1 0
github.com/combatgent/moria/exchange.go:148.36,150.4 1 0
github.com/combatgent/moria/exchange.go:155.62,156.47 1 0
github.com/combatgent/moria/exchange.go:156.47,157.36 1 0
github.com/combatgent/moria/exchange.go:157.36,159.4 1 0
github.com/combatgent/moria/initializer.go:6.19,8.2 1 1
github.com/combatgent/moria/initializer.go:12.19,68.2 2 1
github.com/combatgent/moria/listener.go:10.26,16.16 4 0
github.com/combatgent/moria/listener.go:16.16,18.3 1 0
github.com/combatgent/moria/listener.go:22.45,23.69 1 0
github.com/combatgent/moria/listener.go:27.2,27.34 1 0
github.com/combatgent/moria/listener.go:23.69,26.3 2 0
github.com/combatgent/moria/mux.go:42.20,44.2 1 0
github.com/combatgent/moria/mux.go:48.102,53.14 4 0
github.com/combatgent/moria/mux.go:58.2,58.35 1 0
github.com/combatgent/moria/mux.go:63.2,63.12 1 0
github.com/combatgent/moria/mux.go:68.2,75.49 7 0
github.com/combatgent/moria/mux.go:53.14,55.3 1 0
github.com/combatgent/moria/mux.go:58.35,59.33 1 0
github.com/combatgent/moria/mux.go:59.33,61.4 1 0
github.com/combatgent/moria/mux.go:63.12,65.3 0 0
github.com/combatgent/moria/mux.go:80.57,85.14 4 0
github.com/combatgent/moria/mux.go:90.2,90.35 1 0
github.com/combatgent/moria/mux.go:85.14,87.3 1 0
github.com/combatgent/moria/mux.go:90.35,91.33 1 0
github.com/combatgent/moria/mux.go:91.33,94.70 1 0
github.com/combatgent/moria/mux.go:101.4,101.54 1 0
github.com/combatgent/moria/mux.go:94.70,97.5 2 0
github.com/combatgent/moria/mux.go:101.54,102.35 1 0
github.com/combatgent/moria/mux.go:102.35,106.6 2 0
github.com/combatgent/moria/mux.go:112.128,118.16 6 0
github.com/combatgent/moria/mux.go:122.2,125.52 4 0
github.com/combatgent/moria/mux.go:132.2,132.46 1 0
github.com/combatgent/moria/mux.go:137.2,137.8 1 0
github.com/combatgent/moria/mux.go:118.16,121.3 2 0
github.com/combatgent/moria/mux.go:125.52,126.33 1 0
github.com/combatgent/moria/mux.go:126.33,130.4 3 0
github.com/combatgent/moria/mux.go:132.46,134.3 1 0
github.com/combatgent/moria/mux.go:142.78,145.16 2 0
github.com/combatgent/moria/mux.go:151.2,154.34 4 0
github.com/combatgent/moria/mux.go:157.2,159.16 3 0
github.com/combatgent/moria/mux.go:163.2,163.45 1 0
github.com/combatgent/moria/mux.go:169.2,170.16 2 0
github.com/combatgent/moria/mux.go:176.2,176.46 1 0
github.com/combatgent/moria/mux.go:181.2,184.28 4 0
github.com/combatgent/moria/mux.go:145.16,148.3 2 0
github.com/combatgent/moria/mux.go:154.34,156.3 1 0
github.com/combatgent/moria/mux.go:159.16,162.3 2 0
github.com/combatgent/moria/mux.go:163.45,164.32 1 0
github.com/combatgent/moria/mux.go:164.32,167.4 2 0
github.com/combatgent/moria/mux.go:170.16,173.3 2 0
github.com/combatgent/moria/mux.go:176.46,177.32 1 0
github.com/combatgent/moria/mux.go:177.32,179.4 1 0
github.com/combatgent/moria/mux.go:190.66,195.13 4 0
github.com/combatgent/moria/mux.go:202.2,202.47 1 0
github.com/combatgent/moria/mux.go:195.13,196.36 1 0
github.com/combatgent/moria/mux.go:196.36,197.30 1 0
github.com/combatgent/moria/mux.go:197.30,199.5 1 0
github.com/combatgent/moria/mux.go:206.56,208.20 2 0
github.com/combatgent/moria/mux.go:224.2,224.31 1 0
github.com/combatgent/moria/mux.go:227.2,227.13 1 0
github.com/combatgent/moria/mux.go:208.20,209.10 1 0
github.com/combatgent/moria/mux.go:210.3,211.15 1 0
github.com/combatgent/moria/mux.go:212.3,213.16 1 0
github.com/combatgent/moria/mux.go:214.3,216.34 2 0
github.com/combatgent/moria/mux.go:217.3,219.7 2 0
github.com/combatgent/moria/mux.go:220.3,221.16 1 0
github.com/combatgent/moria/mux.go:224.31,226.3 1 0
github.com/combatgent/moria/mux.go:233.81,235.39 2 0
github.com/combatgent/moria/mux.go:238.2,238.10 1 0
github.com/combatgent/moria/mux.go:235.39,237.3 1 0
github.com/combatgent/moria/service.go:19.60,21.27 2 0
github.com/combatgent/moria/service.go:21.27,23.15 2 0
github.com/combatgent/moria/service.go:27.3,27.97 1 0
github.com/combatgent/moria/service.go:23.15,26.4 2 0
